2026-01-27 18:26:15 - tv_viewer - INFO - TV Viewer logging initialized - Log file: D:\Visual Studio 2017\tv_viewer_project\logs\tv_viewer.log
2026-01-27 18:26:26 - tv_viewer - INFO - TV Viewer logging initialized - Log file: D:\Visual Studio 2017\tv_viewer_project\logs\tv_viewer.log
2026-01-27 18:26:53 - tv_viewer - INFO - TV Viewer logging initialized - Log file: D:\Visual Studio 2017\tv_viewer_project\logs\tv_viewer.log
2026-01-27 18:26:58 - ui.main_window - INFO - TV Viewer starting up...
2026-01-27 18:35:37 - tv_viewer - INFO - TV Viewer logging initialized - Log file: D:\Visual Studio 2017\tv_viewer_project\logs\tv_viewer.log
2026-01-27 18:35:37 - test_validation - INFO - Build validation test log entry
2026-01-27 18:36:13 - tv_viewer - INFO - TV Viewer logging initialized - Log file: D:\Visual Studio 2017\tv_viewer_project\logs\tv_viewer.log
2026-01-27 18:36:13 - test_validation - INFO - Build validation test log entry
2026-01-27 19:05:07 - tv_viewer - INFO - TV Viewer logging initialized - Log file: D:\Visual Studio 2017\tv_viewer_project\logs\tv_viewer.log
2026-01-27 21:47:58 - tv_viewer - INFO - TV Viewer logging initialized - Log file: D:\Visual Studio 2017\tv_viewer_project\logs\tv_viewer.log
2026-01-27 21:48:02 - ui.main_window - INFO - TV Viewer starting up...
2026-01-27 22:10:39 - tv_viewer - INFO - TV Viewer logging initialized - Log file: D:\Visual Studio 2017\tv_viewer_project\logs\tv_viewer.log
2026-01-27 22:10:48 - tv_viewer - INFO - TV Viewer logging initialized - Log file: D:\Visual Studio 2017\tv_viewer_project\logs\tv_viewer.log
2026-01-27 22:10:48 - test_validation - INFO - Build validation test log entry
2026-01-27 22:11:06 - tv_viewer - INFO - TV Viewer logging initialized - Log file: D:\Visual Studio 2017\tv_viewer_project\logs\tv_viewer.log
2026-01-27 22:11:07 - test_validation - INFO - Build validation test log entry
2026-01-27 22:15:22 - tv_viewer - INFO - TV Viewer logging initialized - Log file: D:\Visual Studio 2017\tv_viewer_project\logs\tv_viewer.log
2026-01-27 22:15:26 - ui.main_window - INFO - TV Viewer starting up...
2026-01-27 22:17:40 - tv_viewer - INFO - TV Viewer logging initialized - Log file: D:\Visual Studio 2017\tv_viewer_project\logs\tv_viewer.log
2026-01-27 22:17:42 - ui.main_window - INFO - TV Viewer starting up...
2026-01-27 22:21:46 - utils.privatebin - INFO - PrivateBin sharing enabled
2026-01-27 22:21:47 - utils.privatebin - INFO - PrivateBin sharing disabled
2026-01-27 22:21:49 - utils.privatebin - INFO - PrivateBin sharing enabled
2026-01-27 22:21:50 - utils.privatebin - INFO - PrivateBin sharing disabled
2026-01-27 22:21:51 - utils.privatebin - INFO - PrivateBin sharing enabled
2026-01-27 22:21:51 - utils.privatebin - INFO - PrivateBin sharing disabled
2026-01-27 22:26:58 - tv_viewer - INFO - TV Viewer logging initialized - Log file: D:\Visual Studio 2017\tv_viewer_project\logs\tv_viewer.log
2026-01-27 22:26:59 - ui.main_window - INFO - TV Viewer starting up...
2026-01-27 22:27:18 - utils.privatebin - INFO - PrivateBin sharing enabled
2026-01-27 22:35:04 - tv_viewer - INFO - TV Viewer logging initialized - Log file: D:\Visual Studio 2017\tv_viewer_project\logs\tv_viewer.log
2026-01-27 22:35:11 - ui.main_window - INFO - TV Viewer starting up...
2026-01-27 22:37:33 - tv_viewer - INFO - TV Viewer logging initialized - Log file: D:\Visual Studio 2017\tv_viewer_project\logs\tv_viewer.log
2026-01-27 22:37:34 - test_validation - INFO - Build validation test log entry
2026-01-27 22:40:17 - tv_viewer - INFO - TV Viewer logging initialized - Log file: D:\Visual Studio 2017\tv_viewer_project\logs\tv_viewer.log
2026-01-27 23:00:21 - tv_viewer - INFO - TV Viewer logging initialized - Log file: D:\Visual Studio 2017\tv_viewer_project\logs\tv_viewer.log
2026-01-27 23:00:21 - test_validation - INFO - Build validation test log entry
2026-01-27 23:01:48 - tv_viewer - INFO - TV Viewer logging initialized - Log file: D:\Visual Studio 2017\tv_viewer_project\logs\tv_viewer.log
2026-01-27 23:01:48 - test_validation - INFO - Build validation test log entry
2026-01-27 23:01:55 - tv_viewer - INFO - TV Viewer logging initialized - Log file: D:\Visual Studio 2017\tv_viewer_project\logs\tv_viewer.log
2026-01-27 23:02:01 - tv_viewer - INFO - TV Viewer logging initialized - Log file: D:\Visual Studio 2017\tv_viewer_project\logs\tv_viewer.log
2026-01-27 23:02:19 - tv_viewer - INFO - TV Viewer logging initialized - Log file: D:\Visual Studio 2017\tv_viewer_project\logs\tv_viewer.log
2026-01-27 23:02:20 - test_validation - INFO - Build validation test log entry
2026-01-27 23:06:46 - tv_viewer - INFO - TV Viewer logging initialized - Log file: D:\Visual Studio 2017\tv_viewer_project\logs\tv_viewer.log
2026-01-27 23:17:55 - tv_viewer - INFO - TV Viewer logging initialized - Log file: D:\Visual Studio 2017\tv_viewer_project\logs\tv_viewer.log
2026-01-27 23:18:03 - tv_viewer - INFO - TV Viewer logging initialized - Log file: D:\Visual Studio 2017\tv_viewer_project\logs\tv_viewer.log
2026-01-27 23:18:03 - test_validation - INFO - Build validation test log entry
2026-01-27 23:18:59 - tv_viewer - INFO - TV Viewer logging initialized - Log file: D:\Visual Studio 2017\tv_viewer_project\logs\tv_viewer.log
2026-01-27 23:22:24 - tv_viewer - INFO - TV Viewer logging initialized - Log file: D:\Visual Studio 2017\tv_viewer_project\logs\tv_viewer.log
2026-01-27 23:31:17 - tv_viewer - INFO - TV Viewer logging initialized - Log file: D:\Visual Studio 2017\tv_viewer_project\logs\tv_viewer.log
2026-01-27 23:31:18 - test_validation - INFO - Build validation test log entry
2026-01-27 23:32:00 - tv_viewer - INFO - TV Viewer logging initialized - Log file: D:\Visual Studio 2017\tv_viewer_project\logs\tv_viewer.log
2026-01-27 23:47:09 - tv_viewer - INFO - TV Viewer logging initialized - Log file: D:\Visual Studio 2017\tv_viewer_project\logs\tv_viewer.log
2026-01-28 09:59:48 - tv_viewer - INFO - TV Viewer logging initialized - Log file: D:\Visual Studio 2017\tv_viewer_project\logs\tv_viewer.log
2026-01-28 09:59:48 - test_validation - INFO - Build validation test log entry
2026-01-28 10:02:11 - tv_viewer - INFO - TV Viewer logging initialized - Log file: D:\Visual Studio 2017\tv_viewer_project\logs\tv_viewer.log
2026-03-01 12:04:52 - tv_viewer - INFO - TV Viewer logging initialized - Log file: D:\Visual Studio 2017\tv_viewer_project\logs\tv_viewer.log
2026-03-01 12:20:40 - tv_viewer - INFO - TV Viewer logging initialized - Log file: D:\Visual Studio 2017\tv_viewer_project\logs\tv_viewer.log
2026-03-01 13:44:50 - tv_viewer - INFO - TV Viewer logging initialized - Log file: D:\Visual Studio 2017\tv_viewer_project\logs\tv_viewer.log
2026-03-01 13:45:43 - tv_viewer - INFO - TV Viewer logging initialized - Log file: D:\Visual Studio 2017\tv_viewer_project\logs\tv_viewer.log
2026-03-01 15:49:15 - tv_viewer - INFO - TV Viewer logging initialized - Log file: D:\Visual Studio 2017\tv_viewer_project\logs\tv_viewer.log
2026-03-01 16:38:08 - tv_viewer - INFO - TV Viewer logging initialized - Log file: D:\Visual Studio 2017\tv_viewer_project\logs\tv_viewer.log
2026-03-01 16:38:08 - test_write - INFO - Test message 1772375888.266311
2026-03-01 16:38:30 - tv_viewer - INFO - TV Viewer logging initialized - Log file: D:\Visual Studio 2017\tv_viewer_project\logs\tv_viewer.log
2026-03-01 16:38:30 - test_write - INFO - Test message 1772375910.4346552
2026-03-01 16:55:40 - tv_viewer - INFO - TV Viewer logging initialized - Log file: D:\Visual Studio 2017\tv_viewer_project\logs\tv_viewer.log
2026-03-01 18:31:06 - tv_viewer - INFO - TV Viewer logging initialized - Log file: D:\Visual Studio 2017\tv_viewer_project\logs\tv_viewer.log
2026-03-01 18:31:06 - test_write - INFO - Test message 1772382666.1963494
2026-03-01 18:33:52 - tv_viewer - INFO - TV Viewer logging initialized - Log file: D:\Visual Studio 2017\tv_viewer_project\logs\tv_viewer.log
2026-03-01 18:50:17 - tv_viewer - INFO - TV Viewer logging initialized - Log file: D:\Visual Studio 2017\tv_viewer_project\logs\tv_viewer.log
2026-03-01 18:50:17 - test_write - INFO - Test message 1772383817.2923641
2026-03-01 18:51:03 - tv_viewer - INFO - TV Viewer logging initialized - Log file: D:\Visual Studio 2017\tv_viewer_project\logs\tv_viewer.log
2026-03-01 19:25:01 - tv_viewer - INFO - TV Viewer logging initialized - Log file: D:\Visual Studio 2017\tv_viewer_project\logs\tv_viewer.log
2026-03-01 19:25:01 - test_write - INFO - Test message 1772385901.3613954
2026-03-01 19:25:28 - tv_viewer - INFO - TV Viewer logging initialized - Log file: D:\Visual Studio 2017\tv_viewer_project\logs\tv_viewer.log
2026-03-01 19:25:28 - test_write - INFO - Test message 1772385928.4179332
2026-03-01 19:28:18 - tv_viewer - INFO - TV Viewer logging initialized - Log file: D:\Visual Studio 2017\tv_viewer_project\logs\tv_viewer.log
2026-03-01 19:31:07 - tv_viewer - INFO - TV Viewer logging initialized - Log file: D:\Visual Studio 2017\tv_viewer_project\logs\tv_viewer.log
2026-03-01 19:31:07 - test_write - INFO - Test message 1772386267.122048
2026-03-01 20:04:17 - tv_viewer - INFO - TV Viewer logging initialized - Log file: D:\Visual Studio 2017\tv_viewer_project\logs\tv_viewer.log
2026-03-01 20:04:17 - test_write - INFO - Test message 1772388257.4601402
2026-03-01 20:06:54 - tv_viewer - INFO - TV Viewer logging initialized - Log file: D:\Visual Studio 2017\tv_viewer_project\logs\tv_viewer.log
2026-03-01 20:07:54 - tv_viewer - INFO - TV Viewer logging initialized - Log file: D:\Visual Studio 2017\tv_viewer_project\logs\tv_viewer.log
2026-03-01 20:10:08 - tv_viewer - INFO - TV Viewer logging initialized - Log file: D:\Visual Studio 2017\tv_viewer_project\logs\tv_viewer.log
